0 info it worked if it ends with ok
1 verbose cli [ '/usr/local/bin/node', '/usr/local/bin/npm', 'i', '-g', 'gulp' ]
2 info using npm@2.15.8
3 info using node@v4.4.7
4 verbose install initial load of /usr/local/lib/package.json
5 verbose readDependencies loading dependencies from /usr/local/lib/package.json
6 silly cache add args [ 'gulp', null ]
7 verbose cache add spec gulp
8 silly cache add parsed spec Result {
8 silly cache add   raw: 'gulp',
8 silly cache add   scope: null,
8 silly cache add   name: 'gulp',
8 silly cache add   rawSpec: '',
8 silly cache add   spec: 'latest',
8 silly cache add   type: 'tag' }
9 silly addNamed gulp@latest
10 verbose addNamed "latest" is being treated as a dist-tag for gulp
11 info addNameTag [ 'gulp', 'latest' ]
12 silly mapToRegistry name gulp
13 silly mapToRegistry using default registry
14 silly mapToRegistry registry https://registry.npmjs.org/
15 silly mapToRegistry data Result {
15 silly mapToRegistry   raw: 'gulp',
15 silly mapToRegistry   scope: null,
15 silly mapToRegistry   name: 'gulp',
15 silly mapToRegistry   rawSpec: '',
15 silly mapToRegistry   spec: 'latest',
15 silly mapToRegistry   type: 'tag' }
16 silly mapToRegistry uri https://registry.npmjs.org/gulp
17 verbose addNameTag registry:https://registry.npmjs.org/gulp not in flight; fetching
18 verbose request uri https://registry.npmjs.org/gulp
19 verbose request no auth needed
20 info attempt registry request try #1 at 10:59:54 PM
21 verbose request id 4ffb5683e75c0b09
22 verbose etag "CEA93CED3QVB5QKS0E2N1TKHD"
23 http request GET https://registry.npmjs.org/gulp
24 http 304 https://registry.npmjs.org/gulp
25 verbose headers { date: 'Fri, 12 Aug 2016 17:29:56 GMT',
25 verbose headers   via: '1.1 varnish',
25 verbose headers   'cache-control': 'max-age=300',
25 verbose headers   etag: '"CEA93CED3QVB5QKS0E2N1TKHD"',
25 verbose headers   age: '76',
25 verbose headers   connection: 'keep-alive',
25 verbose headers   'x-served-by': 'cache-sin6922-SIN',
25 verbose headers   'x-cache': 'HIT',
25 verbose headers   'x-cache-hits': '2',
25 verbose headers   'x-timer': 'S1471022996.489673,VS0,VE0',
25 verbose headers   vary: 'Accept-Encoding' }
26 silly get cb [ 304,
26 silly get   { date: 'Fri, 12 Aug 2016 17:29:56 GMT',
26 silly get     via: '1.1 varnish',
26 silly get     'cache-control': 'max-age=300',
26 silly get     etag: '"CEA93CED3QVB5QKS0E2N1TKHD"',
26 silly get     age: '76',
26 silly get     connection: 'keep-alive',
26 silly get     'x-served-by': 'cache-sin6922-SIN',
26 silly get     'x-cache': 'HIT',
26 silly get     'x-cache-hits': '2',
26 silly get     'x-timer': 'S1471022996.489673,VS0,VE0',
26 silly get     vary: 'Accept-Encoding' } ]
27 verbose etag https://registry.npmjs.org/gulp from cache
28 verbose get saving gulp to /Users/sudeep/.npm/registry.npmjs.org/gulp/.cache.json
29 verbose correctMkdir /Users/sudeep/.npm correctMkdir not in flight; initializing
30 silly addNameTag next cb for gulp with tag latest
31 silly addNamed gulp@3.9.1
32 verbose addNamed "3.9.1" is a plain semver version for gulp
33 silly cache afterAdd gulp@3.9.1
34 verbose afterAdd /Users/sudeep/.npm/gulp/3.9.1/package/package.json not in flight; writing
35 verbose correctMkdir /Users/sudeep/.npm correctMkdir not in flight; initializing
36 verbose afterAdd /Users/sudeep/.npm/gulp/3.9.1/package/package.json written
37 silly install resolved [ { name: 'gulp',
37 silly install resolved     description: 'The streaming build system',
37 silly install resolved     version: '3.9.1',
37 silly install resolved     homepage: 'http://gulpjs.com',
37 silly install resolved     repository: { type: 'git', url: 'git+https://github.com/gulpjs/gulp.git' },
37 silly install resolved     author:
37 silly install resolved      { name: 'Fractal',
37 silly install resolved        email: 'contact@wearefractal.com',
37 silly install resolved        url: 'http://wearefractal.com/' },
37 silly install resolved     tags: [ 'build', 'stream', 'system', 'make', 'tool', 'asset', 'pipeline' ],
37 silly install resolved     files: [ 'index.js', 'lib', 'bin', 'completion', 'gulp.1' ],
37 silly install resolved     bin: { gulp: './bin/gulp.js' },
37 silly install resolved     man: [ 'gulp.1' ],
37 silly install resolved     dependencies:
37 silly install resolved      { archy: '^1.0.0',
37 silly install resolved        chalk: '^1.0.0',
37 silly install resolved        deprecated: '^0.0.1',
37 silly install resolved        'gulp-util': '^3.0.0',
37 silly install resolved        interpret: '^1.0.0',
37 silly install resolved        liftoff: '^2.1.0',
37 silly install resolved        minimist: '^1.1.0',
37 silly install resolved        orchestrator: '^0.3.0',
37 silly install resolved        'pretty-hrtime': '^1.0.0',
37 silly install resolved        semver: '^4.1.0',
37 silly install resolved        tildify: '^1.0.0',
37 silly install resolved        v8flags: '^2.0.2',
37 silly install resolved        'vinyl-fs': '^0.3.0' },
37 silly install resolved     devDependencies:
37 silly install resolved      { coveralls: '^2.7.0',
37 silly install resolved        eslint: '^1.7.3',
37 silly install resolved        'eslint-config-gulp': '^2.0.0',
37 silly install resolved        'graceful-fs': '^3.0.0',
37 silly install resolved        istanbul: '^0.3.0',
37 silly install resolved        jscs: '^2.3.5',
37 silly install resolved        'jscs-preset-gulp': '^1.0.0',
37 silly install resolved        'marked-man': '^0.1.3',
37 silly install resolved        mkdirp: '^0.5.0',
37 silly install resolved        mocha: '^2.0.1',
37 silly install resolved        'mocha-lcov-reporter': '^0.0.1',
37 silly install resolved        q: '^1.0.0',
37 silly install resolved        rimraf: '^2.2.5',
37 silly install resolved        should: '^5.0.1' },
37 silly install resolved     scripts:
37 silly install resolved      { prepublish: 'marked-man --name gulp docs/CLI.md > gulp.1',
37 silly install resolved        lint: 'eslint . && jscs *.js bin/ lib/ test/',
37 silly install resolved        pretest: 'npm run lint',
37 silly install resolved        test: 'mocha --reporter spec',
37 silly install resolved        coveralls: 'istanbul cover _mocha --report lcovonly -- -R spec && cat ./coverage/lcov.info | coveralls && rm -rf ./coverage' },
37 silly install resolved     engines: { node: '>= 0.9' },
37 silly install resolved     license: 'MIT',
37 silly install resolved     gitHead: '9c14e3a13a73a32e424f144d62566671b2fcdbed',
37 silly install resolved     bugs: { url: 'https://github.com/gulpjs/gulp/issues' },
37 silly install resolved     _id: 'gulp@3.9.1',
37 silly install resolved     _shasum: '571ce45928dd40af6514fc4011866016c13845b4',
37 silly install resolved     _from: 'gulp@latest',
37 silly install resolved     _npmVersion: '2.14.14',
37 silly install resolved     _nodeVersion: '0.10.41',
37 silly install resolved     _npmUser: { name: 'phated', email: 'blaine@iceddev.com' },
37 silly install resolved     maintainers: [ [Object], [Object] ],
37 silly install resolved     dist:
37 silly install resolved      { shasum: '571ce45928dd40af6514fc4011866016c13845b4',
37 silly install resolved        tarball: 'https://registry.npmjs.org/gulp/-/gulp-3.9.1.tgz' },
37 silly install resolved     _npmOperationalInternal:
37 silly install resolved      { host: 'packages-6-west.internal.npmjs.com',
37 silly install resolved        tmp: 'tmp/gulp-3.9.1.tgz_1454957415500_0.15343931876122952' },
37 silly install resolved     directories: {},
37 silly install resolved     _resolved: 'https://registry.npmjs.org/gulp/-/gulp-3.9.1.tgz',
37 silly install resolved     readme: 'ERROR: No README data found!' } ]
38 info install gulp@3.9.1 into /usr/local/lib
39 info installOne gulp@3.9.1
40 verbose installOne of gulp to /usr/local/lib not in flight; installing
41 verbose correctMkdir /Users/sudeep/.npm/_locks correctMkdir not in flight; initializing
42 verbose lock using /Users/sudeep/.npm/_locks/gulp-709d00e5d169ceb3.lock for /usr/local/lib/node_modules/gulp
43 silly install write writing gulp 3.9.1 to /usr/local/lib/node_modules/gulp
44 verbose unbuild lib/node_modules/gulp
45 silly gentlyRm /usr/local/lib/node_modules/gulp is being purged from base /usr/local
46 verbose gentlyRm don't care about contents; nuking /usr/local/lib/node_modules/gulp
47 verbose tar unpack /Users/sudeep/.npm/gulp/3.9.1/package.tgz
48 verbose tar unpacking to /usr/local/lib/node_modules/gulp
49 silly gentlyRm /usr/local/lib/node_modules/gulp is being purged
50 verbose gentlyRm don't care about contents; nuking /usr/local/lib/node_modules/gulp
51 silly gunzTarPerm modes [ '755', '644' ]
52 error tar.unpack untar error /Users/sudeep/.npm/gulp/3.9.1/package.tgz
53 verbose unlock done using /Users/sudeep/.npm/_locks/gulp-709d00e5d169ceb3.lock for /usr/local/lib/node_modules/gulp
54 verbose fstream_path /usr/local/lib/node_modules/gulp
55 verbose fstream_type Directory
56 verbose fstream_class DirWriter
57 verbose stack Error: EACCES: permission denied, mkdir '/usr/local/lib/node_modules/gulp'
57 verbose stack     at Error (native)
58 verbose fstream_stack /usr/local/lib/node_modules/npm/node_modules/fstream/lib/dir-writer.js:35:25
58 verbose fstream_stack /usr/local/lib/node_modules/npm/node_modules/mkdirp/index.js:47:53
58 verbose fstream_stack FSReqWrap.oncomplete (fs.js:82:15)
59 verbose cwd /Users/sudeep/Desktop/Projects/Github/sudeepjaiswal.github.io
60 error Darwin 15.5.0
61 error argv "/usr/local/bin/node" "/usr/local/bin/npm" "i" "-g" "gulp"
62 error node v4.4.7
63 error npm  v2.15.8
64 error path /usr/local/lib/node_modules/gulp
65 error code EACCES
66 error errno -13
67 error syscall mkdir
68 error Error: EACCES: permission denied, mkdir '/usr/local/lib/node_modules/gulp'
68 error     at Error (native)
68 error  { [Error: EACCES: permission denied, mkdir '/usr/local/lib/node_modules/gulp']
68 error   errno: -13,
68 error   code: 'EACCES',
68 error   syscall: 'mkdir',
68 error   path: '/usr/local/lib/node_modules/gulp',
68 error   fstream_type: 'Directory',
68 error   fstream_path: '/usr/local/lib/node_modules/gulp',
68 error   fstream_class: 'DirWriter',
68 error   fstream_stack:
68 error    [ '/usr/local/lib/node_modules/npm/node_modules/fstream/lib/dir-writer.js:35:25',
68 error      '/usr/local/lib/node_modules/npm/node_modules/mkdirp/index.js:47:53',
68 error      'FSReqWrap.oncomplete (fs.js:82:15)' ] }
69 error Please try running this command again as root/Administrator.
70 verbose exit [ -13, true ]
71 verbose unbuild lib/node_modules/gulp
72 silly gentlyRm /usr/local/lib/node_modules/gulp is being purged from base /usr/local
73 verbose gentlyRm don't care about contents; nuking /usr/local/lib/node_modules/gulp
